<?xml version="1.0" encoding="UTF-8"?>
<!-- Generated by org.testng.reporters.JUnitReportReporter -->
<testsuite hostname="DESKTOP-5BBFA1D" failures="0" tests="5" name="com.dollardays.testcases.OrderHistoryTestcase" time="254.949" errors="0" timestamp="2021-01-10T18:07:34 EST" skipped="0">
  <testcase classname="com.dollardays.testcases.OrderHistoryTestcase" name="TC_02_orderHistory" time="44.124"/>
  <system-out/>
  <testcase classname="com.dollardays.testcases.OrderHistoryTestcase" name="TC_03_orderHistory" time="50.096"/>
  <system-out/>
  <testcase classname="com.dollardays.testcases.OrderHistoryTestcase" name="TC_01_orderHistory" time="63.913"/>
  <system-out/>
  <testcase classname="com.dollardays.testcases.OrderHistoryTestcase" name="TC_05_orderHistory" time="65.059"/>
  <system-out/>
  <testcase classname="com.dollardays.testcases.OrderHistoryTestcase" name="TC_04_orderHistory" time="31.757"/>
  <system-out/>
</testsuite> <!-- com.dollardays.testcases.OrderHistoryTestcase -->
