<?xml version="1.0" encoding="UTF-8"?>
<!-- Generated by org.testng.reporters.JUnitReportReporter -->
<testsuite hostname="DESKTOP-5BBFA1D" failures="0" tests="11" name="com.dollardays.testcases.MyAddressBookTestCase" time="553.769" errors="0" timestamp="10 Jan 2021 22:57:18 GMT" skipped="0">
  <testcase classname="com.dollardays.testcases.MyAddressBookTestCase" name="addressBookCreate" time="75.523"/>
  <testcase classname="com.dollardays.testcases.MyAddressBookTestCase" name="addressBookLastCancel" time="43.902"/>
  <testcase classname="com.dollardays.testcases.MyAddressBookTestCase" name="addressBookCreate" time="83.864"/>
  <testcase classname="com.dollardays.testcases.MyAddressBookTestCase" name="addressBookCreate" time="46.692"/>
  <testcase classname="com.dollardays.testcases.MyAddressBookTestCase" name="addressBookLastCancel" time="45.030"/>
  <testcase classname="com.dollardays.testcases.MyAddressBookTestCase" name="addressBookCreate" time="46.193"/>
  <testcase classname="com.dollardays.testcases.MyAddressBookTestCase" name="addressBookLastCancel" time="45.000"/>
  <testcase classname="com.dollardays.testcases.MyAddressBookTestCase" name="login" time="23.160"/>
  <testcase classname="com.dollardays.testcases.MyAddressBookTestCase" name="addressBookCreate" time="56.822"/>
  <testcase classname="com.dollardays.testcases.MyAddressBookTestCase" name="addressBookLastCancel" time="45.074"/>
  <testcase classname="com.dollardays.testcases.MyAddressBookTestCase" name="addressBookLastCancel" time="42.509"/>
</testsuite> <!-- com.dollardays.testcases.MyAddressBookTestCase -->
