<?xml version="1.0" encoding="UTF-8"?>
<!-- Generated by org.testng.reporters.JUnitReportReporter -->
<testsuite hostname="DESKTOP-5BBFA1D" failures="0" tests="1" name="com.dollardays.testcases.SubmitARequestTestcase" time="45.741" errors="0" timestamp="10 Jan 2021 22:57:18 GMT" skipped="0">
  <testcase classname="com.dollardays.testcases.SubmitARequestTestcase" name="enteringthedata" time="45.741"/>
</testsuite> <!-- com.dollardays.testcases.SubmitARequestTestcase -->
