<?xml version="1.0" encoding="UTF-8"?>
<!-- Generated by org.testng.reporters.JUnitReportReporter -->
<testsuite hostname="DESKTOP-5BBFA1D" failures="0" tests="6" name="com.dollardays.testcases.MyWalletTestcase" time="267.901" errors="0" timestamp="10 Jan 2021 22:57:18 GMT" skipped="0">
  <testcase classname="com.dollardays.testcases.MyWalletTestcase" name="cancelWalletAdd" time="39.776"/>
  <testcase classname="com.dollardays.testcases.MyWalletTestcase" name="editWallet" time="42.588"/>
  <testcase classname="com.dollardays.testcases.MyWalletTestcase" name="addWallet" time="48.946"/>
  <testcase classname="com.dollardays.testcases.MyWalletTestcase" name="editWallet" time="44.913"/>
  <testcase classname="com.dollardays.testcases.MyWalletTestcase" name="addWallet" time="51.300"/>
  <testcase classname="com.dollardays.testcases.MyWalletTestcase" name="cancelWalletAdd" time="40.378"/>
</testsuite> <!-- com.dollardays.testcases.MyWalletTestcase -->
