<?xml version="1.0" encoding="UTF-8"?>
<!-- Generated by org.testng.reporters.JUnitReportReporter -->
<testsuite hostname="DESKTOP-5BBFA1D" failures="0" tests="9" name="com.dollardays.testcases.NewAccountTestcase" time="260.640" errors="0" timestamp="10 Jan 2021 22:57:18 GMT" skipped="0">
  <testcase classname="com.dollardays.testcases.NewAccountTestcase" name="createlogin" time="28.201"/>
  <testcase classname="com.dollardays.testcases.NewAccountTestcase" name="createlogin" time="28.236"/>
  <testcase classname="com.dollardays.testcases.NewAccountTestcase" name="createlogin" time="35.443"/>
  <testcase classname="com.dollardays.testcases.NewAccountTestcase" name="createlogin" time="27.755"/>
  <testcase classname="com.dollardays.testcases.NewAccountTestcase" name="createlogin" time="26.990"/>
  <testcase classname="com.dollardays.testcases.NewAccountTestcase" name="createlogin" time="26.360"/>
  <testcase classname="com.dollardays.testcases.NewAccountTestcase" name="createlogin" time="28.763"/>
  <testcase classname="com.dollardays.testcases.NewAccountTestcase" name="createlogin" time="31.887"/>
  <testcase classname="com.dollardays.testcases.NewAccountTestcase" name="createlogin" time="27.005"/>
</testsuite> <!-- com.dollardays.testcases.NewAccountTestcase -->
